2023-03-19 09:33:06.304 INFO  c.n.T.TicTacToeGameBoardApplication - Starting TicTacToeGameBoardApplication using Java 19.0.1 with PID 14276 (C:\Users\LAP-8\Documents\myTic-Tac-Toe with bot\TicTacToeGameBoard\TicTacToeGameBoard\target\classes started by LAP-8 in C:\Users\LAP-8\Documents\myTic-Tac-Toe with bot\TicTacToeGameBoard\TicTacToeGameBoard)
2023-03-19 09:33:06.308 INFO  c.n.T.TicTacToeGameBoardApplication - No active profile set, falling back to 1 default profile: "default"
2023-03-19 09:33:07.344 INFO  o.s.b.w.e.tomcat.TomcatWebServer - Tomcat initialized with port(s): 8080 (http)
2023-03-19 09:33:07.356 INFO  o.a.coyote.http11.Http11NioProtocol - Initializing ProtocolHandler ["http-nio-8080"]
2023-03-19 09:33:07.356 INFO  o.a.catalina.core.StandardService - Starting service [Tomcat]
2023-03-19 09:33:07.357 INFO  o.a.catalina.core.StandardEngine - Starting Servlet engine: [Apache Tomcat/10.1.5]
2023-03-19 09:33:07.436 INFO  o.a.c.c.C.[Tomcat].[localhost].[/] - Initializing Spring embedded WebApplicationContext
2023-03-19 09:33:07.437 INFO  o.s.b.w.s.c.ServletWebServerApplicationContext - Root WebApplicationContext: initialization completed in 1062 ms
2023-03-19 09:33:07.753 INFO  o.a.coyote.http11.Http11NioProtocol - Starting ProtocolHandler ["http-nio-8080"]
2023-03-19 09:33:07.774 INFO  o.s.b.w.e.tomcat.TomcatWebServer - Tomcat started on port(s): 8080 (http) with context path ''
2023-03-19 09:33:07.784 INFO  c.n.T.TicTacToeGameBoardApplication - Started TicTacToeGameBoardApplication in 1.903 seconds (process running for 2.652)
2023-03-19 09:33:15.929 INFO  o.a.c.c.C.[Tomcat].[localhost].[/] - Initializing Spring DispatcherServlet 'dispatcherServlet'
2023-03-19 09:33:15.929 INFO  o.s.web.servlet.DispatcherServlet - Initializing Servlet 'dispatcherServlet'
2023-03-19 09:33:15.946 INFO  o.s.web.servlet.DispatcherServlet - Completed initialization in 17 ms
2023-03-19 09:33:16.190 INFO  c.n.TicTacToeGameBoard.service.Bot - Bot index to move: 5
2023-03-19 09:33:16.961 INFO  c.n.TicTacToeGameBoard.service.Bot - Bot index to move: 1
2023-03-19 09:33:26.403 INFO  c.n.TicTacToeGameBoard.service.Bot - Bot index to move: 6
2023-03-19 09:33:27.622 INFO  c.n.TicTacToeGameBoard.service.Bot - Bot index to move: 7
2023-03-19 09:33:29.687 INFO  c.n.TicTacToeGameBoard.service.Bot - Bot index to move: 3
2023-03-19 09:33:45.174 INFO  c.n.TicTacToeGameBoard.service.Bot - Bot index to move: 3
2023-03-19 09:33:46.744 INFO  c.n.TicTacToeGameBoard.service.Bot - Bot index to move: 2
2023-03-19 09:33:49.238 INFO  c.n.TicTacToeGameBoard.service.Bot - Bot index to move: 6
2023-03-19 09:35:25.098 INFO  c.n.TicTacToeGameBoard.service.Bot - Bot index to move: 7
2023-03-19 09:35:26.689 INFO  c.n.TicTacToeGameBoard.service.Bot - Bot index to move: 8
2023-03-19 09:35:28.899 INFO  c.n.TicTacToeGameBoard.service.Bot - Bot index to move: 5
2023-03-19 10:58:40.370 INFO  c.n.TicTacToeGameBoard.service.Bot - Bot index to move: 1
2023-03-19 10:58:42.988 INFO  c.n.TicTacToeGameBoard.service.Bot - Bot index to move: 2
2023-03-19 10:58:48.148 INFO  c.n.TicTacToeGameBoard.service.Bot - Bot index to move: 5
2023-03-19 10:58:49.335 INFO  c.n.TicTacToeGameBoard.service.Bot - Bot index to move: 7
2023-03-19 10:58:50.956 INFO  c.n.TicTacToeGameBoard.service.Bot - Bot index to move: 8
2023-03-19 10:59:20.376 INFO  c.n.TicTacToeGameBoard.service.Bot - Bot index to move: 7
2023-03-19 10:59:22.837 INFO  c.n.TicTacToeGameBoard.service.Bot - Bot index to move: 3
2023-03-19 10:59:23.842 INFO  c.n.TicTacToeGameBoard.service.Bot - Bot index to move: 0
2023-03-19 10:59:24.479 INFO  c.n.TicTacToeGameBoard.service.Bot - Bot index to move: 8
2023-03-19 11:00:52.521 INFO  c.n.TicTacToeGameBoard.service.Bot - Bot index to move: 3
2023-03-19 11:00:53.595 INFO  c.n.TicTacToeGameBoard.service.Bot - Bot index to move: 6
2023-03-19 11:00:56.528 INFO  c.n.TicTacToeGameBoard.service.Bot - Bot index to move: 5
2023-03-19 11:00:59.245 INFO  c.n.TicTacToeGameBoard.service.Bot - Bot index to move: 8
2023-03-19 11:01:04.111 INFO  c.n.TicTacToeGameBoard.service.Bot - Bot index to move: 7
2023-03-19 11:04:25.776 INFO  c.n.TicTacToeGameBoard.service.Bot - Bot index to move: 7
2023-03-19 11:04:27.080 INFO  c.n.TicTacToeGameBoard.service.Bot - Bot index to move: 4
2023-03-19 11:04:29.935 INFO  c.n.TicTacToeGameBoard.service.Bot - Bot index to move: 5
2023-03-19 11:04:31.209 INFO  c.n.TicTacToeGameBoard.service.Bot - Bot index to move: 1
2023-03-19 11:04:34.218 INFO  c.n.TicTacToeGameBoard.service.Bot - Bot index to move: 8
2023-03-19 11:20:48.169 INFO  c.n.TicTacToeGameBoard.service.Bot - Bot index to move: 4
2023-03-19 11:20:48.911 INFO  c.n.TicTacToeGameBoard.service.Bot - Bot index to move: 2
2023-03-19 11:20:50.635 INFO  c.n.TicTacToeGameBoard.service.Bot - Bot index to move: 7
2023-03-19 11:20:51.925 INFO  c.n.TicTacToeGameBoard.service.Bot - Bot index to move: 6
2023-03-19 11:20:55.897 INFO  c.n.TicTacToeGameBoard.service.Bot - Bot index to move: 3
2023-03-19 11:22:10.409 INFO  c.n.TicTacToeGameBoard.service.Bot - Bot index to move: 8
2023-03-19 11:22:12.883 INFO  c.n.TicTacToeGameBoard.service.Bot - Bot index to move: 6
2023-03-19 11:22:14.192 INFO  c.n.TicTacToeGameBoard.service.Bot - Bot index to move: 5
2023-03-19 11:22:16.080 INFO  c.n.TicTacToeGameBoard.service.Bot - Bot index to move: 0
2023-03-19 11:22:23.706 INFO  c.n.TicTacToeGameBoard.service.Bot - Bot index to move: 8
2023-03-19 11:22:27.141 INFO  c.n.TicTacToeGameBoard.service.Bot - Bot index to move: 5
2023-03-19 11:22:31.939 INFO  c.n.TicTacToeGameBoard.service.Bot - Bot index to move: 2
2023-03-19 11:22:37.990 INFO  c.n.TicTacToeGameBoard.service.Bot - Bot index to move: 7
2023-03-19 11:22:40.304 INFO  c.n.TicTacToeGameBoard.service.Bot - Bot index to move: 6
2023-03-19 11:22:41.892 INFO  c.n.TicTacToeGameBoard.service.Bot - Bot index to move: 3
2023-03-19 11:22:46.195 INFO  c.n.TicTacToeGameBoard.service.Bot - Bot index to move: 1
2023-03-19 11:22:47.406 INFO  c.n.TicTacToeGameBoard.service.Bot - Bot index to move: 4
2023-03-19 11:22:48.829 INFO  c.n.TicTacToeGameBoard.service.Bot - Bot index to move: 8
2023-03-19 11:22:49.790 INFO  c.n.TicTacToeGameBoard.service.Bot - Bot index to move: 6
2023-03-19 11:22:59.495 INFO  c.n.TicTacToeGameBoard.service.Bot - Bot index to move: 5
2023-03-19 11:23:01.447 INFO  c.n.TicTacToeGameBoard.service.Bot - Bot index to move: 2
2023-03-19 11:27:00.197 INFO  c.n.TicTacToeGameBoard.service.Bot - Bot index to move: 5
2023-03-19 11:27:07.394 INFO  c.n.TicTacToeGameBoard.service.Bot - Bot index to move: 6
2023-03-19 11:27:13.573 INFO  c.n.TicTacToeGameBoard.service.Bot - Bot index to move: 1
2023-03-19 11:27:15.070 INFO  c.n.TicTacToeGameBoard.service.Bot - Bot index to move: 5
